{
  "RSpec": {
    "coverage": {
      "/home/victor/workspace/projects/droid-market/app/models/application_record.rb": [
        1,
        1,
        null
      ],
      "/home/victor/workspace/projects/droid-market/app/models/usuario.rb": [
        1,
        null,
        1,
        null,
        1,
        1,
        null,
        null
      ],
      "/home/victor/workspace/projects/droid-market/app/mailers/application_mailer.rb": [
        0,
        0,
        0,
        0
      ],
      "/home/victor/workspace/projects/droid-market/app/models/peca.rb": [
        0,
        0,
        0,
        0
      ],
      "/home/victor/workspace/projects/droid-market/app/controllers/application_controller.rb": [
        0,
        0
      ],
      "/home/victor/workspace/projects/droid-market/app/jobs/application_job.rb": [
        0,
        0
      ],
      "/home/victor/workspace/projects/droid-market/app/channels/application_cable/connection.rb": [
        0,
        0,
        0,
        0
      ],
      "/home/victor/workspace/projects/droid-market/app/channels/application_cable/channel.rb": [
        0,
        0,
        0,
        0
      ]
    },
    "timestamp": 1558819055
  }
}
