{
  "RSpec": {
    "coverage": {
      "/home/victor/workspace/projects/droid-market/app/models/usuario.rb": [
        1,
        1,
        null,
        1,
        null,
        1,
        1,
        null
      ],
      "/home/victor/workspace/projects/droid-market/app/models/application_record.rb": [
        1,
        1,
        null
      ],
      "/home/victor/workspace/projects/droid-market/app/mailers/application_mailer.rb": [
        0,
        0,
        0,
        0
      ],
      "/home/victor/workspace/projects/droid-market/app/serializers/usuario_serializer.rb": [
        0,
        0,
        null,
        0,
        null,
        0,
        null,
        0
      ],
      "/home/victor/workspace/projects/droid-market/app/serializers/peca_serializer.rb": [
        0,
        0,
        null,
        0,
        null,
        0,
        null,
        0
      ],
      "/home/victor/workspace/projects/droid-market/app/serializers/demanda_serializer.rb": [
        0,
        0,
        null,
        0,
        null,
        0
      ],
      "/home/victor/workspace/projects/droid-market/app/models/demanda.rb": [
        0,
        null,
        0,
        null,
        0,
        0,
        null,
        0,
        0,
        null,
        0
      ],
      "/home/victor/workspace/projects/droid-market/app/models/peca.rb": [
        0,
        0,
        null,
        0,
        null,
        0,
        0,
        0
      ],
      "/home/victor/workspace/projects/droid-market/app/controllers/demandas_controller.rb": [

      ],
      "/home/victor/workspace/projects/droid-market/app/controllers/usuarios_controller.rb": [
        0,
        0,
        null,
        0,
        0,
        0,
        0,
        null,
        0,
        0,
        0,
        null,
        0,
        null,
        0,
        0,
        0,
        null,
        0,
        0,
        0,
        0
      ],
      "/home/victor/workspace/projects/droid-market/app/controllers/application_controller.rb": [
        0,
        0
      ],
      "/home/victor/workspace/projects/droid-market/app/controllers/demandas_controller_controller.rb": [
        0,
        0,
        null,
        0,
        0,
        0,
        0,
        0,
        null,
        0,
        0,
        0,
        0,
        0,
        0,
        0,
        0,
        null,
        0,
        0,
        0,
        0,
        null,
        0,
        null,
        0,
        0,
        0,
        null,
        0,
        0,
        0,
        0,
        0
      ],
      "/home/victor/workspace/projects/droid-market/app/jobs/application_job.rb": [
        0,
        0
      ],
      "/home/victor/workspace/projects/droid-market/app/channels/application_cable/connection.rb": [
        0,
        0,
        0,
        0
      ],
      "/home/victor/workspace/projects/droid-market/app/channels/application_cable/channel.rb": [
        0,
        0,
        0,
        0
      ]
    },
    "timestamp": 1558997085
  }
}
